# JRE version: Java(TM) SE Runtime Environment (8.0_202-b08) (build 1.8.0_202-b08)
# Java VM: Java HotSpot(TM) 64-Bit Server VM (25.202-b08 mixed mode bsd-amd64 compressed oops)
Heap:
 PSYoungGen      total 112128K, used 6981K [0x0000000715580000, 0x000000071d100000, 0x00000007c0000000)
  eden space 108032K, 3% used [0x0000000715580000,0x00000007158af908,0x000000071bf00000)
  from space 4096K, 90% used [0x000000071c080000,0x000000071c421d68,0x000000071c480000)
  to   space 9216K, 0% used [0x000000071c800000,0x000000071c800000,0x000000071d100000)
 ParOldGen       total 237056K, used 14858K [0x00000005c0000000, 0x00000005ce780000, 0x0000000715580000)
  object space 237056K, 6% used [0x00000005c0000000,0x00000005c0e82910,0x00000005ce780000)
 Metaspace       used 33174K, capacity 34016K, committed 34304K, reserved 1079296K
  class space    used 4100K, capacity 4292K, committed 4352K, reserved 1048576K
GC Heap History (10 events):
Event: 657.479 GC heap before
{Heap before GC invocations=14 (full 1):
 PSYoungGen      total 124416K, used 120266K [0x0000000715580000, 0x000000071db80000, 0x00000007c0000000)
  eden space 115712K, 100% used [0x0000000715580000,0x000000071c680000,0x000000071c680000)
  from space 8704K, 52% used [0x000000071d300000,0x000000071d772980,0x000000071db80000)
  to   space 10752K, 0% used [0x000000071c680000,0x000000071c680000,0x000000071d100000)
 ParOldGen       total 237056K, used 11373K [0x00000005c0000000, 0x00000005ce780000, 0x0000000715580000)
  object space 237056K, 4% used [0x00000005c0000000,0x00000005c0b1b4e0,0x00000005ce780000)
 Metaspace       used 33071K, capacity 33952K, committed 34048K, reserved 1079296K
  class space    used 4094K, capacity 4292K, committed 4352K, reserved 1048576K
Event: 657.481 GC heap after
Heap after GC invocations=14 (full 1):
 PSYoungGen      total 118784K, used 4365K [0x0000000715580000, 0x000000071da00000, 0x00000007c0000000)
  eden space 114176K, 0% used [0x0000000715580000,0x0000000715580000,0x000000071c500000)
  from space 4608K, 94% used [0x000000071c680000,0x000000071cac3418,0x000000071cb00000)
  to   space 10752K, 0% used [0x000000071cf80000,0x000000071cf80000,0x000000071da00000)
 ParOldGen       total 237056K, used 11381K [0x00000005c0000000, 0x00000005ce780000, 0x0000000715580000)
  object space 237056K, 4% used [0x00000005c0000000,0x00000005c0b1d4e0,0x00000005ce780000)
 Metaspace       used 33071K, capacity 33952K, committed 34048K, reserved 1079296K
  class space    used 4094K, capacity 4292K, committed 4352K, reserved 1048576K
}
Event: 751.008 GC heap before
{Heap before GC invocations=15 (full 1):
 PSYoungGen      total 118784K, used 118541K [0x0000000715580000, 0x000000071da00000, 0x00000007c0000000)
  eden space 114176K, 100% used [0x0000000715580000,0x000000071c500000,0x000000071c500000)
  from space 4608K, 94% used [0x000000071c680000,0x000000071cac3418,0x000000071cb00000)
  to   space 10752K, 0% used [0x000000071cf80000,0x000000071cf80000,0x000000071da00000)
 ParOldGen       total 237056K, used 11381K [0x00000005c0000000, 0x00000005ce780000, 0x0000000715580000)
  object space 237056K, 4% used [0x00000005c0000000,0x00000005c0b1d4e0,0x00000005ce780000)
 Metaspace       used 33079K, capacity 33952K, committed 34048K, reserved 1079296K
  class space    used 4094K, capacity 4292K, committed 4352K, reserved 1048576K
Event: 751.009 GC heap after
Heap after GC invocations=15 (full 1):
 PSYoungGen      total 120832K, used 4369K [0x0000000715580000, 0x000000071d780000, 0x00000007c0000000)
  eden space 112640K, 0% used [0x0000000715580000,0x0000000715580000,0x000000071c380000)
  from space 8192K, 53% used [0x000000071cf80000,0x000000071d3c4418,0x000000071d780000)
  to   space 10240K, 0% used [0x000000071c380000,0x000000071c380000,0x000000071cd80000)
 ParOldGen       total 237056K, used 11389K [0x00000005c0000000, 0x00000005ce780000, 0x0000000715580000)
  object space 237056K, 4% used [0x00000005c0000000,0x00000005c0b1f4e0,0x00000005ce780000)
 Metaspace       used 33079K, capacity 33952K, committed 34048K, reserved 1079296K
  class space    used 4094K, capacity 4292K, committed 4352K, reserved 1048576K
}
Event: 844.531 GC heap before
{Heap before GC invocations=16 (full 1):
 PSYoungGen      total 120832K, used 117009K [0x0000000715580000, 0x000000071d780000, 0x00000007c0000000)
  eden space 112640K, 100% used [0x0000000715580000,0x000000071c380000,0x000000071c380000)
  from space 8192K, 53% used [0x000000071cf80000,0x000000071d3c4418,0x000000071d780000)
  to   space 10240K, 0% used [0x000000071c380000,0x000000071c380000,0x000000071cd80000)
 ParOldGen       total 237056K, used 11389K [0x00000005c0000000, 0x00000005ce780000, 0x0000000715580000)
  object space 237056K, 4% used [0x00000005c0000000,0x00000005c0b1f4e0,0x00000005ce780000)
 Metaspace       used 33089K, capacity 33952K, committed 34048K, reserved 1079296K
  class space    used 4094K, capacity 4292K, committed 4352K, reserved 1048576K
Event: 844.534 GC heap after
Heap after GC invocations=16 (full 1):
 PSYoungGen      total 115712K, used 4353K [0x0000000715580000, 0x000000071d500000, 0x00000007c0000000)
  eden space 111104K, 0% used [0x0000000715580000,0x0000000715580000,0x000000071c200000)
  from space 4608K, 94% used [0x000000071c380000,0x000000071c7c0418,0x000000071c800000)
  to   space 9728K, 0% used [0x000000071cb80000,0x000000071cb80000,0x000000071d500000)
 ParOldGen       total 237056K, used 11397K [0x00000005c0000000, 0x00000005ce780000, 0x0000000715580000)
  object space 237056K, 4% used [0x00000005c0000000,0x00000005c0b214e0,0x00000005ce780000)
 Metaspace       used 33089K, capacity 33952K, committed 34048K, reserved 1079296K
  class space    used 4094K, capacity 4292K, committed 4352K, reserved 1048576K
}
Event: 934.293 GC heap before
{Heap before GC invocations=17 (full 1):
 PSYoungGen      total 115712K, used 115457K [0x0000000715580000, 0x000000071d500000, 0x00000007c0000000)
  eden space 111104K, 100% used [0x0000000715580000,0x000000071c200000,0x000000071c200000)
  from space 4608K, 94% used [0x000000071c380000,0x000000071c7c0418,0x000000071c800000)
  to   space 9728K, 0% used [0x000000071cb80000,0x000000071cb80000,0x000000071d500000)
 ParOldGen       total 237056K, used 11397K [0x00000005c0000000, 0x00000005ce780000, 0x0000000715580000)
  object space 237056K, 4% used [0x00000005c0000000,0x00000005c0b214e0,0x00000005ce780000)
 Metaspace       used 33089K, capacity 33952K, committed 34048K, reserved 1079296K
  class space    used 4094K, capacity 4292K, committed 4352K, reserved 1048576K
Event: 934.294 GC heap after
Heap after GC invocations=17 (full 1):
 PSYoungGen      total 117760K, used 4337K [0x0000000715580000, 0x000000071d380000, 0x00000007c0000000)
  eden space 109568K, 0% used [0x0000000715580000,0x0000000715580000,0x000000071c080000)
  from space 8192K, 52% used [0x000000071cb80000,0x000000071cfbc408,0x000000071d380000)
  to   space 9728K, 0% used [0x000000071c080000,0x000000071c080000,0x000000071ca00000)
 ParOldGen       total 237056K, used 11405K [0x00000005c0000000, 0x00000005ce780000, 0x0000000715580000)
  object space 237056K, 4% used [0x00000005c0000000,0x00000005c0b234e0,0x00000005ce780000)
 Metaspace       used 33089K, capacity 33952K, committed 34048K, reserved 1079296K
  class space    used 4094K, capacity 4292K, committed 4352K, reserved 1048576K
}
Event: 1004.076 GC heap before
{Heap before GC invocations=18 (full 1):
 PSYoungGen      total 117760K, used 113905K [0x0000000715580000, 0x000000071d380000, 0x00000007c0000000)
  eden space 109568K, 100% used [0x0000000715580000,0x000000071c080000,0x000000071c080000)
  from space 8192K, 52% used [0x000000071cb80000,0x000000071cfbc408,0x000000071d380000)
  to   space 9728K, 0% used [0x000000071c080000,0x000000071c080000,0x000000071ca00000)
 ParOldGen       total 237056K, used 11405K [0x00000005c0000000, 0x00000005ce780000, 0x0000000715580000)
  object space 237056K, 4% used [0x00000005c0000000,0x00000005c0b234e0,0x00000005ce780000)
 Metaspace       used 33174K, capacity 34016K, committed 34304K, reserved 1079296K
  class space    used 4100K, capacity 4292K, committed 4352K, reserved 1048576K
Event: 1004.078 GC heap after
Heap after GC invocations=18 (full 1):
 PSYoungGen      total 112128K, used 3719K [0x0000000715580000, 0x000000071d100000, 0x00000007c0000000)
  eden space 108032K, 0% used [0x0000000715580000,0x0000000715580000,0x000000071bf00000)
  from space 4096K, 90% used [0x000000071c080000,0x000000071c421d68,0x000000071c480000)
  to   space 9216K, 0% used [0x000000071c800000,0x000000071c800000,0x000000071d100000)
 ParOldGen       total 237056K, used 14858K [0x00000005c0000000, 0x00000005ce780000, 0x0000000715580000)
  object space 237056K, 6% used [0x00000005c0000000,0x00000005c0e82910,0x00000005ce780000)
 Metaspace       used 33174K, capacity 34016K, committed 34304K, reserved 1079296K
  class space    used 4100K, capacity 4292K, committed 4352K, reserved 1048576K
}

